<?xml version="1.0" encoding="UTF-8"?>
<testsuite xmlns:xsi="http://www.w3.org/2001/XMLSchema-instance" xsi:noNamespaceSchemaLocation="https://maven.apache.org/surefire/maven-surefire-plugin/xsd/surefire-test-report-3.0.xsd" version="3.0" name="ru.geekbrains.qa.features.settings.SearchSectionTest" time="14.777" tests="1" errors="0" skipped="0" failures="0">
  <properties>
[...]
</properties>
  <testcase name="searchSettingsSection" classname="ru.geekbrains.qa.features.settings.SearchSectionTest" time="14.694">
    <system-out><![CDATA[Запуск @BeforeAll
10:32:17.573 [main]  INFO  i.g.bonigarcia.wdm.WebDriverManager - Using chromedriver 89.0.4389.23 (resolved driver for Chrome 89)
10:32:17.585 [main]  INFO  i.g.bonigarcia.wdm.WebDriverManager - Exporting webdriver.chrome.driver as C:\Users\admin\.cache\selenium\chromedriver\win32\89.0.4389.23\chromedriver.exe

Запуск @BeforeEach
Начало текущего теста
URL из теста createHomePage = https://www.diary.ru/

Подставляем в куки пользователя
Обновляем страницу
10:32:28.493 [main]  INFO  org.openqa.selenium.WebDriver - Before click on element with tagname = a, enabled = true, is_displayed = true 
10:32:29.674 [main]  INFO  org.openqa.selenium.WebDriver - Before click on element with tagname = input, enabled = true, is_displayed = true 
[2021-03-19T10:32:20+0300] [SEVERE] https://www.diary.ru/js/pages/main_menu.js 9:5 Uncaught ReferenceError: jQuery is not defined
[2021-03-19T10:32:21+0300] [WARNING] https://www.diary.ru/ - [DOM] Found 2 elements with non-unique id #search_box_what: (More info: https://goo.gl/9p2vKq) %o %o
[2021-03-19T10:32:21+0300] [WARNING] https://www.diary.ru/ - [DOM] Found 2 elements with non-unique id #sq: (More info: https://goo.gl/9p2vKq) %o %o
[2021-03-19T10:32:24+0300] [SEVERE] https://www.diary.ru/js/pages/main_menu.js 9:5 Uncaught ReferenceError: jQuery is not defined
[2021-03-19T10:32:24+0300] [SEVERE] https://www.diary.ru/ 5:43 Uncaught ReferenceError: get is not defined
[2021-03-19T10:32:26+0300] [SEVERE] https://www.diary.ru/js/ad/adfoxCode.js 406:60 Uncaught TypeError: window.Ya.adfoxCode.createAdaptive is not a function
[2021-03-19T10:32:27+0300] [WARNING] https://www.diary.ru/ - [DOM] Found 2 elements with non-unique id #search_box_what: (More info: https://goo.gl/9p2vKq) %o %o
[2021-03-19T10:32:27+0300] [WARNING] https://www.diary.ru/ - [DOM] Found 2 elements with non-unique id #sq: (More info: https://goo.gl/9p2vKq) %o %o
[2021-03-19T10:32:28+0300] [SEVERE] https://www.diary.ru/js/pages/main_menu.js 9:5 Uncaught ReferenceError: jQuery is not defined
[2021-03-19T10:32:28+0300] [SEVERE] https://www.diary.ru/options/ 5:43 Uncaught ReferenceError: get is not defined
[2021-03-19T10:32:29+0300] [WARNING] https://www.diary.ru/options/ - [DOM] Found 2 elements with non-unique id #search_box_what: (More info: https://goo.gl/9p2vKq) %o %o
[2021-03-19T10:32:29+0300] [WARNING] https://www.diary.ru/options/ - [DOM] Found 2 elements with non-unique id #sq: (More info: https://goo.gl/9p2vKq) %o %o
Конец текущего теста
]]></system-out>
    <system-err><![CDATA[Starting ChromeDriver 89.0.4389.23 (61b08ee2c50024bab004e48d2b1b083cdbdac579-refs/branch-heads/4389@{#294}) on port 8646
Only local connections are allowed.
Please see https://chromedriver.chromium.org/security-considerations for suggestions on keeping ChromeDriver safe.
ChromeDriver was started successfully.
мар 19, 2021 10:32:19 AM org.openqa.selenium.remote.ProtocolHandshake createSession
INFO: Detected dialect: W3C
мар 19, 2021 10:32:19 AM org.openqa.selenium.remote.RemoteWebDriver log
INFO: Executing: get [a8a13890adbf2fee9ed83c4f014ff0cc, get {url=https://www.diary.ru/}]
мар 19, 2021 10:32:23 AM org.openqa.selenium.remote.RemoteWebDriver log
INFO: Executed: [a8a13890adbf2fee9ed83c4f014ff0cc, get {url=https://www.diary.ru/}]
мар 19, 2021 10:32:23 AM org.openqa.selenium.remote.RemoteWebDriver log
INFO: Executing: setCurrentWindowSize [a8a13890adbf2fee9ed83c4f014ff0cc, setCurrentWindowSize {width=1125, height=804}]
мар 19, 2021 10:32:23 AM org.openqa.selenium.remote.RemoteWebDriver log
INFO: Executed: [a8a13890adbf2fee9ed83c4f014ff0cc, setCurrentWindowSize {width=1125, height=804}]
мар 19, 2021 10:32:23 AM org.openqa.selenium.remote.RemoteWebDriver log
INFO: Executing: setWindowPosition [a8a13890adbf2fee9ed83c4f014ff0cc, setWindowPosition {x=700, y=20}]
мар 19, 2021 10:32:23 AM org.openqa.selenium.remote.RemoteWebDriver log
INFO: Executed: [a8a13890adbf2fee9ed83c4f014ff0cc, setWindowPosition {x=700, y=20}]
мар 19, 2021 10:32:23 AM org.openqa.selenium.remote.RemoteWebDriver log
INFO: Executing: setTimeout [a8a13890adbf2fee9ed83c4f014ff0cc, setTimeout {pageLoad=5000}]
мар 19, 2021 10:32:23 AM org.openqa.selenium.remote.RemoteWebDriver log
INFO: Executed: [a8a13890adbf2fee9ed83c4f014ff0cc, setTimeout {pageLoad=5000}]
мар 19, 2021 10:32:23 AM org.openqa.selenium.remote.RemoteWebDriver log
INFO: Executing: getCurrentUrl [a8a13890adbf2fee9ed83c4f014ff0cc, getCurrentUrl {}]
мар 19, 2021 10:32:23 AM org.openqa.selenium.remote.RemoteWebDriver log
INFO: Executed: [a8a13890adbf2fee9ed83c4f014ff0cc, getCurrentUrl {}]
мар 19, 2021 10:32:23 AM org.openqa.selenium.remote.RemoteWebDriver log
INFO: Executing: addCookie [a8a13890adbf2fee9ed83c4f014ff0cc, addCookie {cookie=user_login=chapeau_claque; path=/}]
мар 19, 2021 10:32:23 AM org.openqa.selenium.remote.RemoteWebDriver log
INFO: Executed: [a8a13890adbf2fee9ed83c4f014ff0cc, addCookie {cookie=user_login=chapeau_claque; path=/}]
мар 19, 2021 10:32:23 AM org.openqa.selenium.remote.RemoteWebDriver log
INFO: Executing: addCookie [a8a13890adbf2fee9ed83c4f014ff0cc, addCookie {cookie=user_pass_salt=77c5441c3e55870d1237319b778c71c0; path=/}]
мар 19, 2021 10:32:23 AM org.openqa.selenium.remote.RemoteWebDriver log
INFO: Executed: [a8a13890adbf2fee9ed83c4f014ff0cc, addCookie {cookie=user_pass_salt=77c5441c3e55870d1237319b778c71c0; path=/}]
мар 19, 2021 10:32:23 AM org.openqa.selenium.remote.RemoteWebDriver log
INFO: Executing: executeScript [a8a13890adbf2fee9ed83c4f014ff0cc, executeScript {script=window.location.reload();, args=[]}]
мар 19, 2021 10:32:28 AM org.openqa.selenium.remote.RemoteWebDriver log
INFO: Executed: [a8a13890adbf2fee9ed83c4f014ff0cc, executeScript {script=window.location.reload();, args=[]}]
мар 19, 2021 10:32:28 AM org.openqa.selenium.remote.RemoteWebDriver log
INFO: Executing: findElement [a8a13890adbf2fee9ed83c4f014ff0cc, findElement {using=xpath, value=//*[@id="body"]/div[2]/div/ul[2]}]
мар 19, 2021 10:32:28 AM org.openqa.selenium.remote.RemoteWebDriver log
INFO: Executed: [a8a13890adbf2fee9ed83c4f014ff0cc, findElement {using=xpath, value=//*[@id="body"]/div[2]/div/ul[2]}]
мар 19, 2021 10:32:28 AM org.openqa.selenium.remote.RemoteWebDriver log
INFO: Executing: isElementDisplayed [a8a13890adbf2fee9ed83c4f014ff0cc, isElementDisplayed {id=a47a2510-01f2-4f4c-a2d3-8c9136015b34}]
мар 19, 2021 10:32:28 AM org.openqa.selenium.remote.RemoteWebDriver log
INFO: Executed: [a8a13890adbf2fee9ed83c4f014ff0cc, isElementDisplayed {id=a47a2510-01f2-4f4c-a2d3-8c9136015b34}]
мар 19, 2021 10:32:28 AM org.openqa.selenium.remote.RemoteWebDriver log
INFO: Executing: findElement [a8a13890adbf2fee9ed83c4f014ff0cc, findElement {using=xpath, value=//*[@id="body"]/div[2]/div/ul[2]/li[7]/a}]
мар 19, 2021 10:32:28 AM org.openqa.selenium.remote.RemoteWebDriver log
INFO: Executed: [a8a13890adbf2fee9ed83c4f014ff0cc, findElement {using=xpath, value=//*[@id="body"]/div[2]/div/ul[2]/li[7]/a}]
мар 19, 2021 10:32:28 AM org.openqa.selenium.remote.RemoteWebDriver log
INFO: Executing: actions [a8a13890adbf2fee9ed83c4f014ff0cc, actions {actions=[org.openqa.selenium.interactions.Sequence@1ef93e01]}]
мар 19, 2021 10:32:28 AM org.openqa.selenium.remote.RemoteWebDriver log
INFO: Executed: [a8a13890adbf2fee9ed83c4f014ff0cc, actions {actions=[org.openqa.selenium.interactions.Sequence@1ef93e01]}]
мар 19, 2021 10:32:28 AM org.openqa.selenium.remote.RemoteWebDriver log
INFO: Executing: findElement [a8a13890adbf2fee9ed83c4f014ff0cc, findElement {using=xpath, value=//*[@id='body']/div[2]/div/ul[2]/li[7]/a}]
мар 19, 2021 10:32:28 AM org.openqa.selenium.remote.RemoteWebDriver log
INFO: Executed: [a8a13890adbf2fee9ed83c4f014ff0cc, findElement {using=xpath, value=//*[@id='body']/div[2]/div/ul[2]/li[7]/a}]
мар 19, 2021 10:32:28 AM org.openqa.selenium.remote.RemoteWebDriver log
INFO: Executing: getElementTagName [a8a13890adbf2fee9ed83c4f014ff0cc, getElementTagName {id=9aec6a7c-c252-4cea-9657-0b5d06cdefae}]
мар 19, 2021 10:32:28 AM org.openqa.selenium.remote.RemoteWebDriver log
INFO: Executed: [a8a13890adbf2fee9ed83c4f014ff0cc, getElementTagName {id=9aec6a7c-c252-4cea-9657-0b5d06cdefae}]
мар 19, 2021 10:32:28 AM org.openqa.selenium.remote.RemoteWebDriver log
INFO: Executing: isElementEnabled [a8a13890adbf2fee9ed83c4f014ff0cc, isElementEnabled {id=9aec6a7c-c252-4cea-9657-0b5d06cdefae}]
мар 19, 2021 10:32:28 AM org.openqa.selenium.remote.RemoteWebDriver log
INFO: Executed: [a8a13890adbf2fee9ed83c4f014ff0cc, isElementEnabled {id=9aec6a7c-c252-4cea-9657-0b5d06cdefae}]
мар 19, 2021 10:32:28 AM org.openqa.selenium.remote.RemoteWebDriver log
INFO: Executing: isElementDisplayed [a8a13890adbf2fee9ed83c4f014ff0cc, isElementDisplayed {id=9aec6a7c-c252-4cea-9657-0b5d06cdefae}]
мар 19, 2021 10:32:28 AM org.openqa.selenium.remote.RemoteWebDriver log
INFO: Executed: [a8a13890adbf2fee9ed83c4f014ff0cc, isElementDisplayed {id=9aec6a7c-c252-4cea-9657-0b5d06cdefae}]
мар 19, 2021 10:32:28 AM org.openqa.selenium.remote.RemoteWebDriver log
INFO: Executing: clickElement [a8a13890adbf2fee9ed83c4f014ff0cc, clickElement {id=9aec6a7c-c252-4cea-9657-0b5d06cdefae}]
мар 19, 2021 10:32:29 AM org.openqa.selenium.remote.RemoteWebDriver log
INFO: Executed: [a8a13890adbf2fee9ed83c4f014ff0cc, clickElement {id=9aec6a7c-c252-4cea-9657-0b5d06cdefae}]
мар 19, 2021 10:32:29 AM org.openqa.selenium.remote.RemoteWebDriver log
INFO: Executing: findElement [a8a13890adbf2fee9ed83c4f014ff0cc, findElement {using=xpath, value=//*[@id="query"]}]
мар 19, 2021 10:32:29 AM org.openqa.selenium.remote.RemoteWebDriver log
INFO: Executed: [a8a13890adbf2fee9ed83c4f014ff0cc, findElement {using=xpath, value=//*[@id="query"]}]
мар 19, 2021 10:32:29 AM org.openqa.selenium.remote.RemoteWebDriver log
INFO: Executing: getElementTagName [a8a13890adbf2fee9ed83c4f014ff0cc, getElementTagName {id=fac9df8f-5c3d-4bd3-8427-edef0609ddd8}]
мар 19, 2021 10:32:29 AM org.openqa.selenium.remote.RemoteWebDriver log
INFO: Executed: [a8a13890adbf2fee9ed83c4f014ff0cc, getElementTagName {id=fac9df8f-5c3d-4bd3-8427-edef0609ddd8}]
мар 19, 2021 10:32:29 AM org.openqa.selenium.remote.RemoteWebDriver log
INFO: Executing: isElementEnabled [a8a13890adbf2fee9ed83c4f014ff0cc, isElementEnabled {id=fac9df8f-5c3d-4bd3-8427-edef0609ddd8}]
мар 19, 2021 10:32:29 AM org.openqa.selenium.remote.RemoteWebDriver log
INFO: Executed: [a8a13890adbf2fee9ed83c4f014ff0cc, isElementEnabled {id=fac9df8f-5c3d-4bd3-8427-edef0609ddd8}]
мар 19, 2021 10:32:29 AM org.openqa.selenium.remote.RemoteWebDriver log
INFO: Executing: isElementDisplayed [a8a13890adbf2fee9ed83c4f014ff0cc, isElementDisplayed {id=fac9df8f-5c3d-4bd3-8427-edef0609ddd8}]
мар 19, 2021 10:32:29 AM org.openqa.selenium.remote.RemoteWebDriver log
INFO: Executed: [a8a13890adbf2fee9ed83c4f014ff0cc, isElementDisplayed {id=fac9df8f-5c3d-4bd3-8427-edef0609ddd8}]
мар 19, 2021 10:32:29 AM org.openqa.selenium.remote.RemoteWebDriver log
INFO: Executing: clickElement [a8a13890adbf2fee9ed83c4f014ff0cc, clickElement {id=fac9df8f-5c3d-4bd3-8427-edef0609ddd8}]
мар 19, 2021 10:32:29 AM org.openqa.selenium.remote.RemoteWebDriver log
INFO: Executed: [a8a13890adbf2fee9ed83c4f014ff0cc, clickElement {id=fac9df8f-5c3d-4bd3-8427-edef0609ddd8}]
мар 19, 2021 10:32:29 AM org.openqa.selenium.remote.RemoteWebDriver log
INFO: Executing: findElement [a8a13890adbf2fee9ed83c4f014ff0cc, findElement {using=xpath, value=//*[@id="query"]}]
мар 19, 2021 10:32:29 AM org.openqa.selenium.remote.RemoteWebDriver log
INFO: Executed: [a8a13890adbf2fee9ed83c4f014ff0cc, findElement {using=xpath, value=//*[@id="query"]}]
мар 19, 2021 10:32:29 AM org.openqa.selenium.remote.RemoteWebDriver log
INFO: Executing: sendKeysToElement [a8a13890adbf2fee9ed83c4f014ff0cc, sendKeysToElement {id=fac9df8f-5c3d-4bd3-8427-edef0609ddd8, value=[Ljava.lang.CharSequence;@71316cd7}]
мар 19, 2021 10:32:30 AM org.openqa.selenium.remote.RemoteWebDriver log
INFO: Executed: [a8a13890adbf2fee9ed83c4f014ff0cc, sendKeysToElement {id=fac9df8f-5c3d-4bd3-8427-edef0609ddd8, value=[Ljava.lang.CharSequence;@71316cd7}]
мар 19, 2021 10:32:30 AM org.openqa.selenium.remote.RemoteWebDriver log
INFO: Executing: findElement [a8a13890adbf2fee9ed83c4f014ff0cc, findElement {using=xpath, value=//*[@id='ss_my_profile']/div}]
мар 19, 2021 10:32:30 AM org.openqa.selenium.remote.RemoteWebDriver log
INFO: Executed: [a8a13890adbf2fee9ed83c4f014ff0cc, findElement {using=xpath, value=//*[@id='ss_my_profile']/div}]
мар 19, 2021 10:32:30 AM org.openqa.selenium.remote.RemoteWebDriver log
INFO: Executing: isElementDisplayed [a8a13890adbf2fee9ed83c4f014ff0cc, isElementDisplayed {id=9a8dbfe8-7489-4779-b696-dcf2e7d9796e}]
мар 19, 2021 10:32:30 AM org.openqa.selenium.remote.RemoteWebDriver log
INFO: Executed: [a8a13890adbf2fee9ed83c4f014ff0cc, isElementDisplayed {id=9a8dbfe8-7489-4779-b696-dcf2e7d9796e}]
мар 19, 2021 10:32:30 AM org.openqa.selenium.remote.RemoteWebDriver log
INFO: Executing: findElement [a8a13890adbf2fee9ed83c4f014ff0cc, findElement {using=xpath, value=//*[@id='ss_my_profile']/div}]
мар 19, 2021 10:32:30 AM org.openqa.selenium.remote.RemoteWebDriver log
INFO: Executed: [a8a13890adbf2fee9ed83c4f014ff0cc, findElement {using=xpath, value=//*[@id='ss_my_profile']/div}]
мар 19, 2021 10:32:30 AM org.openqa.selenium.remote.RemoteWebDriver log
INFO: Executing: isElementDisplayed [a8a13890adbf2fee9ed83c4f014ff0cc, isElementDisplayed {id=9a8dbfe8-7489-4779-b696-dcf2e7d9796e}]
мар 19, 2021 10:32:30 AM org.openqa.selenium.remote.RemoteWebDriver log
INFO: Executed: [a8a13890adbf2fee9ed83c4f014ff0cc, isElementDisplayed {id=9a8dbfe8-7489-4779-b696-dcf2e7d9796e}]
мар 19, 2021 10:32:30 AM org.openqa.selenium.remote.RemoteWebDriver log
INFO: Executing: getLog [a8a13890adbf2fee9ed83c4f014ff0cc, getLog {type=browser}]
мар 19, 2021 10:32:30 AM org.openqa.selenium.remote.RemoteWebDriver log
INFO: Executed: [a8a13890adbf2fee9ed83c4f014ff0cc, getLog {type=browser}]
мар 19, 2021 10:32:30 AM org.openqa.selenium.remote.RemoteWebDriver log
INFO: Executing: quit [a8a13890adbf2fee9ed83c4f014ff0cc, quit {}]
мар 19, 2021 10:32:32 AM org.openqa.selenium.remote.RemoteWebDriver log
INFO: Executed: [a8a13890adbf2fee9ed83c4f014ff0cc, quit {}]
]]></system-err>
  </testcase>
</testsuite>