<?xml version="1.0" encoding="UTF-8"?>
<testsuite xmlns:xsi="http://www.w3.org/2001/XMLSchema-instance" xsi:noNamespaceSchemaLocation="https://maven.apache.org/surefire/maven-surefire-plugin/xsd/surefire-test-report-3.0.xsd" version="3.0" name="ru.geekbrains.qa.features.newPost.NewPostDraftTest" time="20.203" tests="1" errors="0" skipped="0" failures="0">
  <properties>
[...]
</properties>
  <testcase name="newPostDraftTest" classname="ru.geekbrains.qa.features.newPost.NewPostDraftTest" time="20.111">
    <system-out><![CDATA[Запуск @BeforeAll
10:31:57.361 [main]  INFO  i.g.bonigarcia.wdm.WebDriverManager - Using chromedriver 89.0.4389.23 (resolved driver for Chrome 89)
10:31:57.370 [main]  INFO  i.g.bonigarcia.wdm.WebDriverManager - Exporting webdriver.chrome.driver as C:\Users\admin\.cache\selenium\chromedriver\win32\89.0.4389.23\chromedriver.exe

Запуск @BeforeEach
Начало текущего теста
URL из теста createHomePage = https://www.diary.ru/
10:32:07.926 [main]  INFO  org.openqa.selenium.WebDriver - Before click on element with tagname = a, enabled = true, is_displayed = true 
10:32:08.600 [main]  INFO  org.openqa.selenium.WebDriver - Before click on element with tagname = button, enabled = true, is_displayed = true 
10:32:10.622 [main]  INFO  org.openqa.selenium.WebDriver - Before click on element with tagname = a, enabled = true, is_displayed = true 
10:32:11.910 [main]  INFO  org.openqa.selenium.WebDriver - Before click on element with tagname = li, enabled = true, is_displayed = true 
10:32:13.517 [main]  INFO  org.openqa.selenium.WebDriver - Before click on element with tagname = textarea, enabled = true, is_displayed = true 
10:32:13.896 [main]  INFO  org.openqa.selenium.WebDriver - Before click on element with tagname = label, enabled = true, is_displayed = true 
10:32:14.052 [main]  INFO  org.openqa.selenium.WebDriver - Before click on element with tagname = input, enabled = true, is_displayed = true 

Контроль текста сообщения: ТЕКСТ ТЕСТОВОГО СООБЩЕНИЯ

[2021-03-19T10:32:02+0300] [SEVERE] https://www.diary.ru/js/pages/main_menu.js 9:5 Uncaught ReferenceError: jQuery is not defined
[2021-03-19T10:32:03+0300] [WARNING] https://www.diary.ru/ - [DOM] Found 2 elements with non-unique id #search_box_what: (More info: https://goo.gl/9p2vKq) %o %o
[2021-03-19T10:32:03+0300] [WARNING] https://www.diary.ru/ - [DOM] Found 2 elements with non-unique id #sq: (More info: https://goo.gl/9p2vKq) %o %o
[2021-03-19T10:32:09+0300] [SEVERE] https://www.diary.ru/js/pages/main_menu.js 9:5 Uncaught ReferenceError: jQuery is not defined
[2021-03-19T10:32:09+0300] [SEVERE] https://www.diary.ru/ 5:43 Uncaught ReferenceError: get is not defined
[2021-03-19T10:32:09+0300] [WARNING] https://www.diary.ru/ - [DOM] Found 2 elements with non-unique id #search_box_what: (More info: https://goo.gl/9p2vKq) %o %o
[2021-03-19T10:32:09+0300] [WARNING] https://www.diary.ru/ - [DOM] Found 2 elements with non-unique id #sq: (More info: https://goo.gl/9p2vKq) %o %o
[2021-03-19T10:32:11+0300] [WARNING] https://chapeau-claque.diary.ru/ - [DOM] Found 2 elements with non-unique id #search_box_what: (More info: https://goo.gl/9p2vKq) %o %o
[2021-03-19T10:32:11+0300] [WARNING] https://chapeau-claque.diary.ru/ - [DOM] Found 2 elements with non-unique id #sq: (More info: https://goo.gl/9p2vKq) %o %o
[2021-03-19T10:32:12+0300] [WARNING] https://chapeau-claque.diary.ru/?newpost#vbform - [DOM] Found 2 elements with non-unique id #search_box_what: (More info: https://goo.gl/9p2vKq) %o %o
[2021-03-19T10:32:12+0300] [WARNING] https://chapeau-claque.diary.ru/?newpost#vbform - [DOM] Found 2 elements with non-unique id #sq: (More info: https://goo.gl/9p2vKq) %o %o
[2021-03-19T10:32:14+0300] [WARNING] https://chapeau-claque.diary.ru/diary.php - [DOM] Found 2 elements with non-unique id #search_box_what: (More info: https://goo.gl/9p2vKq) %o %o
[2021-03-19T10:32:14+0300] [WARNING] https://chapeau-claque.diary.ru/diary.php - [DOM] Found 2 elements with non-unique id #sq: (More info: https://goo.gl/9p2vKq) %o %o
Конец текущего теста
]]></system-out>
    <system-err><![CDATA[Starting ChromeDriver 89.0.4389.23 (61b08ee2c50024bab004e48d2b1b083cdbdac579-refs/branch-heads/4389@{#294}) on port 34812
Only local connections are allowed.
Please see https://chromedriver.chromium.org/security-considerations for suggestions on keeping ChromeDriver safe.
ChromeDriver was started successfully.
мар 19, 2021 10:31:59 AM org.openqa.selenium.remote.ProtocolHandshake createSession
INFO: Detected dialect: W3C
мар 19, 2021 10:31:59 AM org.openqa.selenium.remote.RemoteWebDriver log
INFO: Executing: get [a1c6f894460ec920789e5356d545208e, get {url=https://www.diary.ru/}]
мар 19, 2021 10:32:07 AM org.openqa.selenium.remote.RemoteWebDriver log
INFO: Executed: [a1c6f894460ec920789e5356d545208e, get {url=https://www.diary.ru/}]
мар 19, 2021 10:32:07 AM org.openqa.selenium.remote.RemoteWebDriver log
INFO: Executing: setCurrentWindowSize [a1c6f894460ec920789e5356d545208e, setCurrentWindowSize {width=1125, height=804}]
мар 19, 2021 10:32:07 AM org.openqa.selenium.remote.RemoteWebDriver log
INFO: Executed: [a1c6f894460ec920789e5356d545208e, setCurrentWindowSize {width=1125, height=804}]
мар 19, 2021 10:32:07 AM org.openqa.selenium.remote.RemoteWebDriver log
INFO: Executing: setWindowPosition [a1c6f894460ec920789e5356d545208e, setWindowPosition {x=700, y=20}]
мар 19, 2021 10:32:07 AM org.openqa.selenium.remote.RemoteWebDriver log
INFO: Executed: [a1c6f894460ec920789e5356d545208e, setWindowPosition {x=700, y=20}]
мар 19, 2021 10:32:07 AM org.openqa.selenium.remote.RemoteWebDriver log
INFO: Executing: setTimeout [a1c6f894460ec920789e5356d545208e, setTimeout {pageLoad=5000}]
мар 19, 2021 10:32:07 AM org.openqa.selenium.remote.RemoteWebDriver log
INFO: Executed: [a1c6f894460ec920789e5356d545208e, setTimeout {pageLoad=5000}]
мар 19, 2021 10:32:07 AM org.openqa.selenium.remote.RemoteWebDriver log
INFO: Executing: getCurrentUrl [a1c6f894460ec920789e5356d545208e, getCurrentUrl {}]
мар 19, 2021 10:32:07 AM org.openqa.selenium.remote.RemoteWebDriver log
INFO: Executed: [a1c6f894460ec920789e5356d545208e, getCurrentUrl {}]
мар 19, 2021 10:32:07 AM org.openqa.selenium.remote.RemoteWebDriver log
INFO: Executing: findElement [a1c6f894460ec920789e5356d545208e, findElement {using=xpath, value=//*[@id='drop-login']}]
мар 19, 2021 10:32:07 AM org.openqa.selenium.remote.RemoteWebDriver log
INFO: Executed: [a1c6f894460ec920789e5356d545208e, findElement {using=xpath, value=//*[@id='drop-login']}]
мар 19, 2021 10:32:07 AM org.openqa.selenium.remote.RemoteWebDriver log
INFO: Executing: getElementTagName [a1c6f894460ec920789e5356d545208e, getElementTagName {id=0eb22ca2-6785-4bff-b501-0f015044363a}]
мар 19, 2021 10:32:07 AM org.openqa.selenium.remote.RemoteWebDriver log
INFO: Executed: [a1c6f894460ec920789e5356d545208e, getElementTagName {id=0eb22ca2-6785-4bff-b501-0f015044363a}]
мар 19, 2021 10:32:07 AM org.openqa.selenium.remote.RemoteWebDriver log
INFO: Executing: isElementEnabled [a1c6f894460ec920789e5356d545208e, isElementEnabled {id=0eb22ca2-6785-4bff-b501-0f015044363a}]
мар 19, 2021 10:32:07 AM org.openqa.selenium.remote.RemoteWebDriver log
INFO: Executed: [a1c6f894460ec920789e5356d545208e, isElementEnabled {id=0eb22ca2-6785-4bff-b501-0f015044363a}]
мар 19, 2021 10:32:07 AM org.openqa.selenium.remote.RemoteWebDriver log
INFO: Executing: isElementDisplayed [a1c6f894460ec920789e5356d545208e, isElementDisplayed {id=0eb22ca2-6785-4bff-b501-0f015044363a}]
мар 19, 2021 10:32:07 AM org.openqa.selenium.remote.RemoteWebDriver log
INFO: Executed: [a1c6f894460ec920789e5356d545208e, isElementDisplayed {id=0eb22ca2-6785-4bff-b501-0f015044363a}]
мар 19, 2021 10:32:07 AM org.openqa.selenium.remote.RemoteWebDriver log
INFO: Executing: clickElement [a1c6f894460ec920789e5356d545208e, clickElement {id=0eb22ca2-6785-4bff-b501-0f015044363a}]
мар 19, 2021 10:32:08 AM org.openqa.selenium.remote.RemoteWebDriver log
INFO: Executed: [a1c6f894460ec920789e5356d545208e, clickElement {id=0eb22ca2-6785-4bff-b501-0f015044363a}]
мар 19, 2021 10:32:08 AM org.openqa.selenium.remote.RemoteWebDriver log
INFO: Executing: findElement [a1c6f894460ec920789e5356d545208e, findElement {using=xpath, value=//*[@id='usrlog2']}]
мар 19, 2021 10:32:08 AM org.openqa.selenium.remote.RemoteWebDriver log
INFO: Executed: [a1c6f894460ec920789e5356d545208e, findElement {using=xpath, value=//*[@id='usrlog2']}]
мар 19, 2021 10:32:08 AM org.openqa.selenium.remote.RemoteWebDriver log
INFO: Executing: sendKeysToElement [a1c6f894460ec920789e5356d545208e, sendKeysToElement {id=7b5c32d3-7505-4d3f-ac22-27f027124a27, value=[Ljava.lang.CharSequence;@4571cebe}]
мар 19, 2021 10:32:08 AM org.openqa.selenium.remote.RemoteWebDriver log
INFO: Executed: [a1c6f894460ec920789e5356d545208e, sendKeysToElement {id=7b5c32d3-7505-4d3f-ac22-27f027124a27, value=[Ljava.lang.CharSequence;@4571cebe}]
мар 19, 2021 10:32:08 AM org.openqa.selenium.remote.RemoteWebDriver log
INFO: Executing: findElement [a1c6f894460ec920789e5356d545208e, findElement {using=xpath, value=//*[@id='usrpass2']}]
мар 19, 2021 10:32:08 AM org.openqa.selenium.remote.RemoteWebDriver log
INFO: Executed: [a1c6f894460ec920789e5356d545208e, findElement {using=xpath, value=//*[@id='usrpass2']}]
мар 19, 2021 10:32:08 AM org.openqa.selenium.remote.RemoteWebDriver log
INFO: Executing: sendKeysToElement [a1c6f894460ec920789e5356d545208e, sendKeysToElement {id=2dc29e68-9a4d-421e-9be7-e60d90c43706, value=[Ljava.lang.CharSequence;@356341c9}]
мар 19, 2021 10:32:08 AM org.openqa.selenium.remote.RemoteWebDriver log
INFO: Executed: [a1c6f894460ec920789e5356d545208e, sendKeysToElement {id=2dc29e68-9a4d-421e-9be7-e60d90c43706, value=[Ljava.lang.CharSequence;@356341c9}]
мар 19, 2021 10:32:08 AM org.openqa.selenium.remote.RemoteWebDriver log
INFO: Executing: findElement [a1c6f894460ec920789e5356d545208e, findElement {using=xpath, value=//*[@id='signin_btn']}]
мар 19, 2021 10:32:08 AM org.openqa.selenium.remote.RemoteWebDriver log
INFO: Executed: [a1c6f894460ec920789e5356d545208e, findElement {using=xpath, value=//*[@id='signin_btn']}]
мар 19, 2021 10:32:08 AM org.openqa.selenium.remote.RemoteWebDriver log
INFO: Executing: getElementTagName [a1c6f894460ec920789e5356d545208e, getElementTagName {id=2c445838-12e4-48d1-9570-2cd087e0b2af}]
мар 19, 2021 10:32:08 AM org.openqa.selenium.remote.RemoteWebDriver log
INFO: Executed: [a1c6f894460ec920789e5356d545208e, getElementTagName {id=2c445838-12e4-48d1-9570-2cd087e0b2af}]
мар 19, 2021 10:32:08 AM org.openqa.selenium.remote.RemoteWebDriver log
INFO: Executing: isElementEnabled [a1c6f894460ec920789e5356d545208e, isElementEnabled {id=2c445838-12e4-48d1-9570-2cd087e0b2af}]
мар 19, 2021 10:32:08 AM org.openqa.selenium.remote.RemoteWebDriver log
INFO: Executed: [a1c6f894460ec920789e5356d545208e, isElementEnabled {id=2c445838-12e4-48d1-9570-2cd087e0b2af}]
мар 19, 2021 10:32:08 AM org.openqa.selenium.remote.RemoteWebDriver log
INFO: Executing: isElementDisplayed [a1c6f894460ec920789e5356d545208e, isElementDisplayed {id=2c445838-12e4-48d1-9570-2cd087e0b2af}]
мар 19, 2021 10:32:08 AM org.openqa.selenium.remote.RemoteWebDriver log
INFO: Executed: [a1c6f894460ec920789e5356d545208e, isElementDisplayed {id=2c445838-12e4-48d1-9570-2cd087e0b2af}]
мар 19, 2021 10:32:08 AM org.openqa.selenium.remote.RemoteWebDriver log
INFO: Executing: clickElement [a1c6f894460ec920789e5356d545208e, clickElement {id=2c445838-12e4-48d1-9570-2cd087e0b2af}]
мар 19, 2021 10:32:10 AM org.openqa.selenium.remote.RemoteWebDriver log
INFO: Executed: [a1c6f894460ec920789e5356d545208e, clickElement {id=2c445838-12e4-48d1-9570-2cd087e0b2af}]
мар 19, 2021 10:32:10 AM org.openqa.selenium.remote.RemoteWebDriver log
INFO: Executing: findElement [a1c6f894460ec920789e5356d545208e, findElement {using=xpath, value=//*[@id='body']/div[2]/div/ul[2]}]
мар 19, 2021 10:32:10 AM org.openqa.selenium.remote.RemoteWebDriver log
INFO: Executed: [a1c6f894460ec920789e5356d545208e, findElement {using=xpath, value=//*[@id='body']/div[2]/div/ul[2]}]
мар 19, 2021 10:32:10 AM org.openqa.selenium.remote.RemoteWebDriver log
INFO: Executing: isElementDisplayed [a1c6f894460ec920789e5356d545208e, isElementDisplayed {id=1c50244d-43ff-48cf-b681-a8f2729ab631}]
мар 19, 2021 10:32:10 AM org.openqa.selenium.remote.RemoteWebDriver log
INFO: Executed: [a1c6f894460ec920789e5356d545208e, isElementDisplayed {id=1c50244d-43ff-48cf-b681-a8f2729ab631}]
мар 19, 2021 10:32:10 AM org.openqa.selenium.remote.RemoteWebDriver log
INFO: Executing: findElement [a1c6f894460ec920789e5356d545208e, findElement {using=xpath, value=//*[@id="body"]/div[2]/div/ul[2]/li[1]/a}]
мар 19, 2021 10:32:10 AM org.openqa.selenium.remote.RemoteWebDriver log
INFO: Executed: [a1c6f894460ec920789e5356d545208e, findElement {using=xpath, value=//*[@id="body"]/div[2]/div/ul[2]/li[1]/a}]
мар 19, 2021 10:32:10 AM org.openqa.selenium.remote.RemoteWebDriver log
INFO: Executing: actions [a1c6f894460ec920789e5356d545208e, actions {actions=[org.openqa.selenium.interactions.Sequence@7c956dda]}]
мар 19, 2021 10:32:10 AM org.openqa.selenium.remote.RemoteWebDriver log
INFO: Executed: [a1c6f894460ec920789e5356d545208e, actions {actions=[org.openqa.selenium.interactions.Sequence@7c956dda]}]
мар 19, 2021 10:32:10 AM org.openqa.selenium.remote.RemoteWebDriver log
INFO: Executing: findElement [a1c6f894460ec920789e5356d545208e, findElement {using=xpath, value=//*[@id='body']/div[2]/div/ul[2]/li[1]/a}]
мар 19, 2021 10:32:10 AM org.openqa.selenium.remote.RemoteWebDriver log
INFO: Executed: [a1c6f894460ec920789e5356d545208e, findElement {using=xpath, value=//*[@id='body']/div[2]/div/ul[2]/li[1]/a}]
мар 19, 2021 10:32:10 AM org.openqa.selenium.remote.RemoteWebDriver log
INFO: Executing: getElementTagName [a1c6f894460ec920789e5356d545208e, getElementTagName {id=d7d01e2d-299f-40ff-be65-d448517b66f2}]
мар 19, 2021 10:32:10 AM org.openqa.selenium.remote.RemoteWebDriver log
INFO: Executed: [a1c6f894460ec920789e5356d545208e, getElementTagName {id=d7d01e2d-299f-40ff-be65-d448517b66f2}]
мар 19, 2021 10:32:10 AM org.openqa.selenium.remote.RemoteWebDriver log
INFO: Executing: isElementEnabled [a1c6f894460ec920789e5356d545208e, isElementEnabled {id=d7d01e2d-299f-40ff-be65-d448517b66f2}]
мар 19, 2021 10:32:10 AM org.openqa.selenium.remote.RemoteWebDriver log
INFO: Executed: [a1c6f894460ec920789e5356d545208e, isElementEnabled {id=d7d01e2d-299f-40ff-be65-d448517b66f2}]
мар 19, 2021 10:32:10 AM org.openqa.selenium.remote.RemoteWebDriver log
INFO: Executing: isElementDisplayed [a1c6f894460ec920789e5356d545208e, isElementDisplayed {id=d7d01e2d-299f-40ff-be65-d448517b66f2}]
мар 19, 2021 10:32:10 AM org.openqa.selenium.remote.RemoteWebDriver log
INFO: Executed: [a1c6f894460ec920789e5356d545208e, isElementDisplayed {id=d7d01e2d-299f-40ff-be65-d448517b66f2}]
мар 19, 2021 10:32:10 AM org.openqa.selenium.remote.RemoteWebDriver log
INFO: Executing: clickElement [a1c6f894460ec920789e5356d545208e, clickElement {id=d7d01e2d-299f-40ff-be65-d448517b66f2}]
мар 19, 2021 10:32:11 AM org.openqa.selenium.remote.RemoteWebDriver log
INFO: Executed: [a1c6f894460ec920789e5356d545208e, clickElement {id=d7d01e2d-299f-40ff-be65-d448517b66f2}]
мар 19, 2021 10:32:11 AM org.openqa.selenium.remote.RemoteWebDriver log
INFO: Executing: findElement [a1c6f894460ec920789e5356d545208e, findElement {using=xpath, value=//*[@id='Journal']/div[2]/div/ul[2]/li[2]}]
мар 19, 2021 10:32:11 AM org.openqa.selenium.remote.RemoteWebDriver log
INFO: Executed: [a1c6f894460ec920789e5356d545208e, findElement {using=xpath, value=//*[@id='Journal']/div[2]/div/ul[2]/li[2]}]
мар 19, 2021 10:32:11 AM org.openqa.selenium.remote.RemoteWebDriver log
INFO: Executing: getElementTagName [a1c6f894460ec920789e5356d545208e, getElementTagName {id=83e06fc6-4281-4e44-837b-a398ad906a3f}]
мар 19, 2021 10:32:11 AM org.openqa.selenium.remote.RemoteWebDriver log
INFO: Executed: [a1c6f894460ec920789e5356d545208e, getElementTagName {id=83e06fc6-4281-4e44-837b-a398ad906a3f}]
мар 19, 2021 10:32:11 AM org.openqa.selenium.remote.RemoteWebDriver log
INFO: Executing: isElementEnabled [a1c6f894460ec920789e5356d545208e, isElementEnabled {id=83e06fc6-4281-4e44-837b-a398ad906a3f}]
мар 19, 2021 10:32:11 AM org.openqa.selenium.remote.RemoteWebDriver log
INFO: Executed: [a1c6f894460ec920789e5356d545208e, isElementEnabled {id=83e06fc6-4281-4e44-837b-a398ad906a3f}]
мар 19, 2021 10:32:11 AM org.openqa.selenium.remote.RemoteWebDriver log
INFO: Executing: isElementDisplayed [a1c6f894460ec920789e5356d545208e, isElementDisplayed {id=83e06fc6-4281-4e44-837b-a398ad906a3f}]
мар 19, 2021 10:32:11 AM org.openqa.selenium.remote.RemoteWebDriver log
INFO: Executed: [a1c6f894460ec920789e5356d545208e, isElementDisplayed {id=83e06fc6-4281-4e44-837b-a398ad906a3f}]
мар 19, 2021 10:32:11 AM org.openqa.selenium.remote.RemoteWebDriver log
INFO: Executing: clickElement [a1c6f894460ec920789e5356d545208e, clickElement {id=83e06fc6-4281-4e44-837b-a398ad906a3f}]
мар 19, 2021 10:32:13 AM org.openqa.selenium.remote.RemoteWebDriver log
INFO: Executed: [a1c6f894460ec920789e5356d545208e, clickElement {id=83e06fc6-4281-4e44-837b-a398ad906a3f}]
мар 19, 2021 10:32:13 AM org.openqa.selenium.remote.RemoteWebDriver log
INFO: Executing: findElement [a1c6f894460ec920789e5356d545208e, findElement {using=xpath, value=//*[@id='message']}]
мар 19, 2021 10:32:13 AM org.openqa.selenium.remote.RemoteWebDriver log
INFO: Executed: [a1c6f894460ec920789e5356d545208e, findElement {using=xpath, value=//*[@id='message']}]
мар 19, 2021 10:32:13 AM org.openqa.selenium.remote.RemoteWebDriver log
INFO: Executing: getElementTagName [a1c6f894460ec920789e5356d545208e, getElementTagName {id=21309c9c-f899-4360-b4b8-f94700d9e7b7}]
мар 19, 2021 10:32:13 AM org.openqa.selenium.remote.RemoteWebDriver log
INFO: Executed: [a1c6f894460ec920789e5356d545208e, getElementTagName {id=21309c9c-f899-4360-b4b8-f94700d9e7b7}]
мар 19, 2021 10:32:13 AM org.openqa.selenium.remote.RemoteWebDriver log
INFO: Executing: isElementEnabled [a1c6f894460ec920789e5356d545208e, isElementEnabled {id=21309c9c-f899-4360-b4b8-f94700d9e7b7}]
мар 19, 2021 10:32:13 AM org.openqa.selenium.remote.RemoteWebDriver log
INFO: Executed: [a1c6f894460ec920789e5356d545208e, isElementEnabled {id=21309c9c-f899-4360-b4b8-f94700d9e7b7}]
мар 19, 2021 10:32:13 AM org.openqa.selenium.remote.RemoteWebDriver log
INFO: Executing: isElementDisplayed [a1c6f894460ec920789e5356d545208e, isElementDisplayed {id=21309c9c-f899-4360-b4b8-f94700d9e7b7}]
мар 19, 2021 10:32:13 AM org.openqa.selenium.remote.RemoteWebDriver log
INFO: Executed: [a1c6f894460ec920789e5356d545208e, isElementDisplayed {id=21309c9c-f899-4360-b4b8-f94700d9e7b7}]
мар 19, 2021 10:32:13 AM org.openqa.selenium.remote.RemoteWebDriver log
INFO: Executing: clickElement [a1c6f894460ec920789e5356d545208e, clickElement {id=21309c9c-f899-4360-b4b8-f94700d9e7b7}]
мар 19, 2021 10:32:13 AM org.openqa.selenium.remote.RemoteWebDriver log
INFO: Executed: [a1c6f894460ec920789e5356d545208e, clickElement {id=21309c9c-f899-4360-b4b8-f94700d9e7b7}]
мар 19, 2021 10:32:13 AM org.openqa.selenium.remote.RemoteWebDriver log
INFO: Executing: findElement [a1c6f894460ec920789e5356d545208e, findElement {using=xpath, value=//*[@id='message']}]
мар 19, 2021 10:32:13 AM org.openqa.selenium.remote.RemoteWebDriver log
INFO: Executed: [a1c6f894460ec920789e5356d545208e, findElement {using=xpath, value=//*[@id='message']}]
мар 19, 2021 10:32:13 AM org.openqa.selenium.remote.RemoteWebDriver log
INFO: Executing: sendKeysToElement [a1c6f894460ec920789e5356d545208e, sendKeysToElement {id=21309c9c-f899-4360-b4b8-f94700d9e7b7, value=[Ljava.lang.CharSequence;@27dfd12b}]
мар 19, 2021 10:32:13 AM org.openqa.selenium.remote.RemoteWebDriver log
INFO: Executed: [a1c6f894460ec920789e5356d545208e, sendKeysToElement {id=21309c9c-f899-4360-b4b8-f94700d9e7b7, value=[Ljava.lang.CharSequence;@27dfd12b}]
мар 19, 2021 10:32:13 AM org.openqa.selenium.remote.RemoteWebDriver log
INFO: Executing: findElement [a1c6f894460ec920789e5356d545208e, findElement {using=xpath, value=//*[@id='DisableAutoSave']/label}]
мар 19, 2021 10:32:13 AM org.openqa.selenium.remote.RemoteWebDriver log
INFO: Executed: [a1c6f894460ec920789e5356d545208e, findElement {using=xpath, value=//*[@id='DisableAutoSave']/label}]
мар 19, 2021 10:32:13 AM org.openqa.selenium.remote.RemoteWebDriver log
INFO: Executing: getElementTagName [a1c6f894460ec920789e5356d545208e, getElementTagName {id=77a90009-ed57-43a4-9cbb-3050756673b2}]
мар 19, 2021 10:32:13 AM org.openqa.selenium.remote.RemoteWebDriver log
INFO: Executed: [a1c6f894460ec920789e5356d545208e, getElementTagName {id=77a90009-ed57-43a4-9cbb-3050756673b2}]
мар 19, 2021 10:32:13 AM org.openqa.selenium.remote.RemoteWebDriver log
INFO: Executing: isElementEnabled [a1c6f894460ec920789e5356d545208e, isElementEnabled {id=77a90009-ed57-43a4-9cbb-3050756673b2}]
мар 19, 2021 10:32:13 AM org.openqa.selenium.remote.RemoteWebDriver log
INFO: Executed: [a1c6f894460ec920789e5356d545208e, isElementEnabled {id=77a90009-ed57-43a4-9cbb-3050756673b2}]
мар 19, 2021 10:32:13 AM org.openqa.selenium.remote.RemoteWebDriver log
INFO: Executing: isElementDisplayed [a1c6f894460ec920789e5356d545208e, isElementDisplayed {id=77a90009-ed57-43a4-9cbb-3050756673b2}]
мар 19, 2021 10:32:13 AM org.openqa.selenium.remote.RemoteWebDriver log
INFO: Executed: [a1c6f894460ec920789e5356d545208e, isElementDisplayed {id=77a90009-ed57-43a4-9cbb-3050756673b2}]
мар 19, 2021 10:32:13 AM org.openqa.selenium.remote.RemoteWebDriver log
INFO: Executing: clickElement [a1c6f894460ec920789e5356d545208e, clickElement {id=77a90009-ed57-43a4-9cbb-3050756673b2}]
мар 19, 2021 10:32:13 AM org.openqa.selenium.remote.RemoteWebDriver log
INFO: Executed: [a1c6f894460ec920789e5356d545208e, clickElement {id=77a90009-ed57-43a4-9cbb-3050756673b2}]
мар 19, 2021 10:32:13 AM org.openqa.selenium.remote.RemoteWebDriver log
INFO: Executing: findElement [a1c6f894460ec920789e5356d545208e, findElement {using=xpath, value=//*[@id='preview']}]
мар 19, 2021 10:32:14 AM org.openqa.selenium.remote.RemoteWebDriver log
INFO: Executed: [a1c6f894460ec920789e5356d545208e, findElement {using=xpath, value=//*[@id='preview']}]
мар 19, 2021 10:32:14 AM org.openqa.selenium.remote.RemoteWebDriver log
INFO: Executing: getElementTagName [a1c6f894460ec920789e5356d545208e, getElementTagName {id=aef92a7a-fe3f-4177-b02e-c0d3cdc41d2c}]
мар 19, 2021 10:32:14 AM org.openqa.selenium.remote.RemoteWebDriver log
INFO: Executed: [a1c6f894460ec920789e5356d545208e, getElementTagName {id=aef92a7a-fe3f-4177-b02e-c0d3cdc41d2c}]
мар 19, 2021 10:32:14 AM org.openqa.selenium.remote.RemoteWebDriver log
INFO: Executing: isElementEnabled [a1c6f894460ec920789e5356d545208e, isElementEnabled {id=aef92a7a-fe3f-4177-b02e-c0d3cdc41d2c}]
мар 19, 2021 10:32:14 AM org.openqa.selenium.remote.RemoteWebDriver log
INFO: Executed: [a1c6f894460ec920789e5356d545208e, isElementEnabled {id=aef92a7a-fe3f-4177-b02e-c0d3cdc41d2c}]
мар 19, 2021 10:32:14 AM org.openqa.selenium.remote.RemoteWebDriver log
INFO: Executing: isElementDisplayed [a1c6f894460ec920789e5356d545208e, isElementDisplayed {id=aef92a7a-fe3f-4177-b02e-c0d3cdc41d2c}]
мар 19, 2021 10:32:14 AM org.openqa.selenium.remote.RemoteWebDriver log
INFO: Executed: [a1c6f894460ec920789e5356d545208e, isElementDisplayed {id=aef92a7a-fe3f-4177-b02e-c0d3cdc41d2c}]
мар 19, 2021 10:32:14 AM org.openqa.selenium.remote.RemoteWebDriver log
INFO: Executing: clickElement [a1c6f894460ec920789e5356d545208e, clickElement {id=aef92a7a-fe3f-4177-b02e-c0d3cdc41d2c}]
мар 19, 2021 10:32:14 AM org.openqa.selenium.remote.RemoteWebDriver log
INFO: Executed: [a1c6f894460ec920789e5356d545208e, clickElement {id=aef92a7a-fe3f-4177-b02e-c0d3cdc41d2c}]
мар 19, 2021 10:32:14 AM org.openqa.selenium.remote.RemoteWebDriver log
INFO: Executing: getWindowHandles [a1c6f894460ec920789e5356d545208e, getWindowHandles {}]
мар 19, 2021 10:32:14 AM org.openqa.selenium.remote.RemoteWebDriver log
INFO: Executed: [a1c6f894460ec920789e5356d545208e, getWindowHandles {}]
мар 19, 2021 10:32:14 AM org.openqa.selenium.remote.RemoteWebDriver log
INFO: Executing: switchToWindow [a1c6f894460ec920789e5356d545208e, switchToWindow {handle=CDwindow-721F6BB2723DC687AB3A0BAB7506498C}]
мар 19, 2021 10:32:14 AM org.openqa.selenium.remote.RemoteWebDriver log
INFO: Executed: [a1c6f894460ec920789e5356d545208e, switchToWindow {handle=CDwindow-721F6BB2723DC687AB3A0BAB7506498C}]
мар 19, 2021 10:32:14 AM org.openqa.selenium.remote.RemoteWebDriver log
INFO: Executing: findElement [a1c6f894460ec920789e5356d545208e, findElement {using=xpath, value=//*[@id='post1']}]
мар 19, 2021 10:32:14 AM org.openqa.selenium.remote.RemoteWebDriver log
INFO: Executed: [a1c6f894460ec920789e5356d545208e, findElement {using=xpath, value=//*[@id='post1']}]
мар 19, 2021 10:32:14 AM org.openqa.selenium.remote.RemoteWebDriver log
INFO: Executing: isElementDisplayed [a1c6f894460ec920789e5356d545208e, isElementDisplayed {id=0ac1c3da-c99c-44d0-acbb-c11bb8eec120}]
мар 19, 2021 10:32:15 AM org.openqa.selenium.remote.RemoteWebDriver log
INFO: Executed: [a1c6f894460ec920789e5356d545208e, isElementDisplayed {id=0ac1c3da-c99c-44d0-acbb-c11bb8eec120}]
мар 19, 2021 10:32:15 AM org.openqa.selenium.remote.RemoteWebDriver log
INFO: Executing: screenshot [a1c6f894460ec920789e5356d545208e, screenshot {}]
мар 19, 2021 10:32:15 AM org.openqa.selenium.remote.RemoteWebDriver log
INFO: Executed: [a1c6f894460ec920789e5356d545208e, screenshot {}]
мар 19, 2021 10:32:15 AM org.openqa.selenium.remote.RemoteWebDriver log
INFO: Executing: findElement [a1c6f894460ec920789e5356d545208e, findElement {using=xpath, value=//*[@id='post1']/div[1]/div[2]/div[2]}]
мар 19, 2021 10:32:15 AM org.openqa.selenium.remote.RemoteWebDriver log
INFO: Executed: [a1c6f894460ec920789e5356d545208e, findElement {using=xpath, value=//*[@id='post1']/div[1]/div[2]/div[2]}]
мар 19, 2021 10:32:15 AM org.openqa.selenium.remote.RemoteWebDriver log
INFO: Executing: getElementText [a1c6f894460ec920789e5356d545208e, getElementText {id=08f30630-4280-4094-8267-35007745f4a0}]
мар 19, 2021 10:32:15 AM org.openqa.selenium.remote.RemoteWebDriver log
INFO: Executed: [a1c6f894460ec920789e5356d545208e, getElementText {id=08f30630-4280-4094-8267-35007745f4a0}]
мар 19, 2021 10:32:15 AM org.openqa.selenium.remote.RemoteWebDriver log
INFO: Executing: getElementText [a1c6f894460ec920789e5356d545208e, getElementText {id=08f30630-4280-4094-8267-35007745f4a0}]
мар 19, 2021 10:32:15 AM org.openqa.selenium.remote.RemoteWebDriver log
INFO: Executed: [a1c6f894460ec920789e5356d545208e, getElementText {id=08f30630-4280-4094-8267-35007745f4a0}]
мар 19, 2021 10:32:15 AM org.openqa.selenium.remote.RemoteWebDriver log
INFO: Executing: getLog [a1c6f894460ec920789e5356d545208e, getLog {type=browser}]
мар 19, 2021 10:32:15 AM org.openqa.selenium.remote.RemoteWebDriver log
INFO: Executed: [a1c6f894460ec920789e5356d545208e, getLog {type=browser}]
мар 19, 2021 10:32:15 AM org.openqa.selenium.remote.RemoteWebDriver log
INFO: Executing: quit [a1c6f894460ec920789e5356d545208e, quit {}]
мар 19, 2021 10:32:17 AM org.openqa.selenium.remote.RemoteWebDriver log
INFO: Executed: [a1c6f894460ec920789e5356d545208e, quit {}]
]]></system-err>
  </testcase>
</testsuite>