<?xml version="1.0" encoding="UTF-8"?>
<testsuite xmlns:xsi="http://www.w3.org/2001/XMLSchema-instance" xsi:noNamespaceSchemaLocation="https://maven.apache.org/surefire/maven-surefire-plugin/xsd/surefire-test-report-3.0.xsd" version="3.0" name="ru.geekbrains.qa.features.mailPage.SwitchToMailSectionTest" time="15.524" tests="1" errors="0" skipped="0" failures="0">
  <properties>
[...]
</properties>
  <testcase name="switchToMailSectionTest" classname="ru.geekbrains.qa.features.mailPage.SwitchToMailSectionTest" time="15.325">
    <system-out><![CDATA[Запуск @BeforeAll
10:31:41.764 [main]  INFO  i.g.bonigarcia.wdm.WebDriverManager - Using chromedriver 89.0.4389.23 (resolved driver for Chrome 89)
10:31:41.822 [main]  INFO  i.g.bonigarcia.wdm.WebDriverManager - Exporting webdriver.chrome.driver as C:\Users\admin\.cache\selenium\chromedriver\win32\89.0.4389.23\chromedriver.exe

Запуск @BeforeEach
Начало текущего теста
URL из теста createHomePage = https://www.diary.ru/

Подставляем в куки пользователя
Обновляем страницу
10:31:53.234 [main]  INFO  org.openqa.selenium.WebDriver - Before click on element with tagname = li, enabled = true, is_displayed = true 
10:31:54.340 [main]  INFO  org.openqa.selenium.WebDriver - Before click on element with tagname = a, enabled = true, is_displayed = true 

 newLetterPageTitle: U-mail / Новое сообщение
[2021-03-19T10:31:44+0300] [SEVERE] https://www.diary.ru/js/pages/main_menu.js 9:5 Uncaught ReferenceError: jQuery is not defined
[2021-03-19T10:31:45+0300] [WARNING] https://www.diary.ru/ - [DOM] Found 2 elements with non-unique id #search_box_what: (More info: https://goo.gl/9p2vKq) %o %o
[2021-03-19T10:31:45+0300] [WARNING] https://www.diary.ru/ - [DOM] Found 2 elements with non-unique id #sq: (More info: https://goo.gl/9p2vKq) %o %o
[2021-03-19T10:31:48+0300] [SEVERE] https://www.diary.ru/js/pages/main_menu.js 9:5 Uncaught ReferenceError: jQuery is not defined
[2021-03-19T10:31:48+0300] [SEVERE] https://www.diary.ru/ 5:43 Uncaught ReferenceError: get is not defined
[2021-03-19T10:31:48+0300] [WARNING] https://www.diary.ru/ - [DOM] Found 2 elements with non-unique id #search_box_what: (More info: https://goo.gl/9p2vKq) %o %o
[2021-03-19T10:31:48+0300] [WARNING] https://www.diary.ru/ - [DOM] Found 2 elements with non-unique id #sq: (More info: https://goo.gl/9p2vKq) %o %o
[2021-03-19T10:31:53+0300] [SEVERE] https://www.diary.ru/js/pages/main_menu.js 9:5 Uncaught ReferenceError: jQuery is not defined
[2021-03-19T10:31:53+0300] [SEVERE] https://www.diary.ru/u-mail/ 5:43 Uncaught ReferenceError: get is not defined
[2021-03-19T10:31:53+0300] [WARNING] https://www.diary.ru/u-mail/ - [DOM] Found 2 elements with non-unique id #search_box_what: (More info: https://goo.gl/9p2vKq) %o %o
[2021-03-19T10:31:53+0300] [WARNING] https://www.diary.ru/u-mail/ - [DOM] Found 2 elements with non-unique id #sq: (More info: https://goo.gl/9p2vKq) %o %o
[2021-03-19T10:31:54+0300] [SEVERE] https://www.diary.ru/js/pages/main_menu.js 9:5 Uncaught ReferenceError: jQuery is not defined
[2021-03-19T10:31:54+0300] [SEVERE] https://www.diary.ru/u-mail/?new 5:43 Uncaught ReferenceError: get is not defined
[2021-03-19T10:31:54+0300] [SEVERE] https://www.diary.ru/js/pages/codebuttons.js 0:0 Uncaught ReferenceError: $ is not defined
[2021-03-19T10:31:55+0300] [WARNING] https://www.diary.ru/u-mail/?new - [DOM] Found 2 elements with non-unique id #search_box_what: (More info: https://goo.gl/9p2vKq) %o %o
[2021-03-19T10:31:55+0300] [WARNING] https://www.diary.ru/u-mail/?new - [DOM] Found 2 elements with non-unique id #sq: (More info: https://goo.gl/9p2vKq) %o %o
Конец текущего теста
]]></system-out>
    <system-err><![CDATA[Starting ChromeDriver 89.0.4389.23 (61b08ee2c50024bab004e48d2b1b083cdbdac579-refs/branch-heads/4389@{#294}) on port 35235
Only local connections are allowed.
Please see https://chromedriver.chromium.org/security-considerations for suggestions on keeping ChromeDriver safe.
ChromeDriver was started successfully.
мар 19, 2021 10:31:43 AM org.openqa.selenium.remote.ProtocolHandshake createSession
INFO: Detected dialect: W3C
мар 19, 2021 10:31:43 AM org.openqa.selenium.remote.RemoteWebDriver log
INFO: Executing: get [e3850440a3b6be022bc199216e2cbc71, get {url=https://www.diary.ru/}]
мар 19, 2021 10:31:47 AM org.openqa.selenium.remote.RemoteWebDriver log
INFO: Executed: [e3850440a3b6be022bc199216e2cbc71, get {url=https://www.diary.ru/}]
мар 19, 2021 10:31:47 AM org.openqa.selenium.remote.RemoteWebDriver log
INFO: Executing: setCurrentWindowSize [e3850440a3b6be022bc199216e2cbc71, setCurrentWindowSize {width=1125, height=804}]
мар 19, 2021 10:31:47 AM org.openqa.selenium.remote.RemoteWebDriver log
INFO: Executed: [e3850440a3b6be022bc199216e2cbc71, setCurrentWindowSize {width=1125, height=804}]
мар 19, 2021 10:31:47 AM org.openqa.selenium.remote.RemoteWebDriver log
INFO: Executing: setWindowPosition [e3850440a3b6be022bc199216e2cbc71, setWindowPosition {x=700, y=20}]
мар 19, 2021 10:31:47 AM org.openqa.selenium.remote.RemoteWebDriver log
INFO: Executed: [e3850440a3b6be022bc199216e2cbc71, setWindowPosition {x=700, y=20}]
мар 19, 2021 10:31:47 AM org.openqa.selenium.remote.RemoteWebDriver log
INFO: Executing: setTimeout [e3850440a3b6be022bc199216e2cbc71, setTimeout {pageLoad=5000}]
мар 19, 2021 10:31:47 AM org.openqa.selenium.remote.RemoteWebDriver log
INFO: Executed: [e3850440a3b6be022bc199216e2cbc71, setTimeout {pageLoad=5000}]
мар 19, 2021 10:31:47 AM org.openqa.selenium.remote.RemoteWebDriver log
INFO: Executing: getCurrentUrl [e3850440a3b6be022bc199216e2cbc71, getCurrentUrl {}]
мар 19, 2021 10:31:47 AM org.openqa.selenium.remote.RemoteWebDriver log
INFO: Executed: [e3850440a3b6be022bc199216e2cbc71, getCurrentUrl {}]
мар 19, 2021 10:31:47 AM org.openqa.selenium.remote.RemoteWebDriver log
INFO: Executing: addCookie [e3850440a3b6be022bc199216e2cbc71, addCookie {cookie=user_login=chapeau_claque; path=/}]
мар 19, 2021 10:31:47 AM org.openqa.selenium.remote.RemoteWebDriver log
INFO: Executed: [e3850440a3b6be022bc199216e2cbc71, addCookie {cookie=user_login=chapeau_claque; path=/}]
мар 19, 2021 10:31:47 AM org.openqa.selenium.remote.RemoteWebDriver log
INFO: Executing: addCookie [e3850440a3b6be022bc199216e2cbc71, addCookie {cookie=user_pass_salt=77c5441c3e55870d1237319b778c71c0; path=/}]
мар 19, 2021 10:31:47 AM org.openqa.selenium.remote.RemoteWebDriver log
INFO: Executed: [e3850440a3b6be022bc199216e2cbc71, addCookie {cookie=user_pass_salt=77c5441c3e55870d1237319b778c71c0; path=/}]
мар 19, 2021 10:31:47 AM org.openqa.selenium.remote.RemoteWebDriver log
INFO: Executing: executeScript [e3850440a3b6be022bc199216e2cbc71, executeScript {script=window.location.reload();, args=[]}]
мар 19, 2021 10:31:52 AM org.openqa.selenium.remote.RemoteWebDriver log
INFO: Executed: [e3850440a3b6be022bc199216e2cbc71, executeScript {script=window.location.reload();, args=[]}]
мар 19, 2021 10:31:52 AM org.openqa.selenium.remote.RemoteWebDriver log
INFO: Executing: findElement [e3850440a3b6be022bc199216e2cbc71, findElement {using=xpath, value=//*[@id="body"]/div[2]/div/ul[2]}]
мар 19, 2021 10:31:52 AM org.openqa.selenium.remote.RemoteWebDriver log
INFO: Executed: [e3850440a3b6be022bc199216e2cbc71, findElement {using=xpath, value=//*[@id="body"]/div[2]/div/ul[2]}]
мар 19, 2021 10:31:52 AM org.openqa.selenium.remote.RemoteWebDriver log
INFO: Executing: isElementDisplayed [e3850440a3b6be022bc199216e2cbc71, isElementDisplayed {id=f19aab8b-d860-48be-9049-b4842df6e265}]
мар 19, 2021 10:31:52 AM org.openqa.selenium.remote.RemoteWebDriver log
INFO: Executed: [e3850440a3b6be022bc199216e2cbc71, isElementDisplayed {id=f19aab8b-d860-48be-9049-b4842df6e265}]
мар 19, 2021 10:31:52 AM org.openqa.selenium.remote.RemoteWebDriver log
INFO: Executing: findElement [e3850440a3b6be022bc199216e2cbc71, findElement {using=xpath, value=//*[@id="body"]/div[2]/div/ul[2]/li[6]}]
мар 19, 2021 10:31:52 AM org.openqa.selenium.remote.RemoteWebDriver log
INFO: Executed: [e3850440a3b6be022bc199216e2cbc71, findElement {using=xpath, value=//*[@id="body"]/div[2]/div/ul[2]/li[6]}]
мар 19, 2021 10:31:52 AM org.openqa.selenium.remote.RemoteWebDriver log
INFO: Executing: actions [e3850440a3b6be022bc199216e2cbc71, actions {actions=[org.openqa.selenium.interactions.Sequence@e97f115]}]
мар 19, 2021 10:31:53 AM org.openqa.selenium.remote.RemoteWebDriver log
INFO: Executed: [e3850440a3b6be022bc199216e2cbc71, actions {actions=[org.openqa.selenium.interactions.Sequence@e97f115]}]
мар 19, 2021 10:31:53 AM org.openqa.selenium.remote.RemoteWebDriver log
INFO: Executing: findElement [e3850440a3b6be022bc199216e2cbc71, findElement {using=xpath, value=//*[@id='body']/div[2]/div/ul[2]/li[6]}]
мар 19, 2021 10:31:53 AM org.openqa.selenium.remote.RemoteWebDriver log
INFO: Executed: [e3850440a3b6be022bc199216e2cbc71, findElement {using=xpath, value=//*[@id='body']/div[2]/div/ul[2]/li[6]}]
мар 19, 2021 10:31:53 AM org.openqa.selenium.remote.RemoteWebDriver log
INFO: Executing: getElementTagName [e3850440a3b6be022bc199216e2cbc71, getElementTagName {id=31163ddb-81a6-4cc5-8d02-ebf3d5d8d184}]
мар 19, 2021 10:31:53 AM org.openqa.selenium.remote.RemoteWebDriver log
INFO: Executed: [e3850440a3b6be022bc199216e2cbc71, getElementTagName {id=31163ddb-81a6-4cc5-8d02-ebf3d5d8d184}]
мар 19, 2021 10:31:53 AM org.openqa.selenium.remote.RemoteWebDriver log
INFO: Executing: isElementEnabled [e3850440a3b6be022bc199216e2cbc71, isElementEnabled {id=31163ddb-81a6-4cc5-8d02-ebf3d5d8d184}]
мар 19, 2021 10:31:53 AM org.openqa.selenium.remote.RemoteWebDriver log
INFO: Executed: [e3850440a3b6be022bc199216e2cbc71, isElementEnabled {id=31163ddb-81a6-4cc5-8d02-ebf3d5d8d184}]
мар 19, 2021 10:31:53 AM org.openqa.selenium.remote.RemoteWebDriver log
INFO: Executing: isElementDisplayed [e3850440a3b6be022bc199216e2cbc71, isElementDisplayed {id=31163ddb-81a6-4cc5-8d02-ebf3d5d8d184}]
мар 19, 2021 10:31:53 AM org.openqa.selenium.remote.RemoteWebDriver log
INFO: Executed: [e3850440a3b6be022bc199216e2cbc71, isElementDisplayed {id=31163ddb-81a6-4cc5-8d02-ebf3d5d8d184}]
мар 19, 2021 10:31:53 AM org.openqa.selenium.remote.RemoteWebDriver log
INFO: Executing: clickElement [e3850440a3b6be022bc199216e2cbc71, clickElement {id=31163ddb-81a6-4cc5-8d02-ebf3d5d8d184}]
мар 19, 2021 10:31:54 AM org.openqa.selenium.remote.RemoteWebDriver log
INFO: Executed: [e3850440a3b6be022bc199216e2cbc71, clickElement {id=31163ddb-81a6-4cc5-8d02-ebf3d5d8d184}]
мар 19, 2021 10:31:54 AM org.openqa.selenium.remote.RemoteWebDriver log
INFO: Executing: findElement [e3850440a3b6be022bc199216e2cbc71, findElement {using=xpath, value=//*[@id='page_content']/div/p/a}]
мар 19, 2021 10:31:54 AM org.openqa.selenium.remote.RemoteWebDriver log
INFO: Executed: [e3850440a3b6be022bc199216e2cbc71, findElement {using=xpath, value=//*[@id='page_content']/div/p/a}]
мар 19, 2021 10:31:54 AM org.openqa.selenium.remote.RemoteWebDriver log
INFO: Executing: getElementTagName [e3850440a3b6be022bc199216e2cbc71, getElementTagName {id=d121ebb5-6eec-4eca-9445-fe9cff716922}]
мар 19, 2021 10:31:54 AM org.openqa.selenium.remote.RemoteWebDriver log
INFO: Executed: [e3850440a3b6be022bc199216e2cbc71, getElementTagName {id=d121ebb5-6eec-4eca-9445-fe9cff716922}]
мар 19, 2021 10:31:54 AM org.openqa.selenium.remote.RemoteWebDriver log
INFO: Executing: isElementEnabled [e3850440a3b6be022bc199216e2cbc71, isElementEnabled {id=d121ebb5-6eec-4eca-9445-fe9cff716922}]
мар 19, 2021 10:31:54 AM org.openqa.selenium.remote.RemoteWebDriver log
INFO: Executed: [e3850440a3b6be022bc199216e2cbc71, isElementEnabled {id=d121ebb5-6eec-4eca-9445-fe9cff716922}]
мар 19, 2021 10:31:54 AM org.openqa.selenium.remote.RemoteWebDriver log
INFO: Executing: isElementDisplayed [e3850440a3b6be022bc199216e2cbc71, isElementDisplayed {id=d121ebb5-6eec-4eca-9445-fe9cff716922}]
мар 19, 2021 10:31:54 AM org.openqa.selenium.remote.RemoteWebDriver log
INFO: Executed: [e3850440a3b6be022bc199216e2cbc71, isElementDisplayed {id=d121ebb5-6eec-4eca-9445-fe9cff716922}]
мар 19, 2021 10:31:54 AM org.openqa.selenium.remote.RemoteWebDriver log
INFO: Executing: clickElement [e3850440a3b6be022bc199216e2cbc71, clickElement {id=d121ebb5-6eec-4eca-9445-fe9cff716922}]
мар 19, 2021 10:31:55 AM org.openqa.selenium.remote.RemoteWebDriver log
INFO: Executed: [e3850440a3b6be022bc199216e2cbc71, clickElement {id=d121ebb5-6eec-4eca-9445-fe9cff716922}]
мар 19, 2021 10:31:55 AM org.openqa.selenium.remote.RemoteWebDriver log
INFO: Executing: findElement [e3850440a3b6be022bc199216e2cbc71, findElement {using=xpath, value=//*[@id='msg_form']/div[1]}]
мар 19, 2021 10:31:55 AM org.openqa.selenium.remote.RemoteWebDriver log
INFO: Executed: [e3850440a3b6be022bc199216e2cbc71, findElement {using=xpath, value=//*[@id='msg_form']/div[1]}]
мар 19, 2021 10:31:55 AM org.openqa.selenium.remote.RemoteWebDriver log
INFO: Executing: isElementDisplayed [e3850440a3b6be022bc199216e2cbc71, isElementDisplayed {id=eb1d6585-cf47-4d39-a864-3b9952aabf5f}]
мар 19, 2021 10:31:55 AM org.openqa.selenium.remote.RemoteWebDriver log
INFO: Executed: [e3850440a3b6be022bc199216e2cbc71, isElementDisplayed {id=eb1d6585-cf47-4d39-a864-3b9952aabf5f}]
мар 19, 2021 10:31:55 AM org.openqa.selenium.remote.RemoteWebDriver log
INFO: Executing: findElement [e3850440a3b6be022bc199216e2cbc71, findElement {using=xpath, value=//*[@id='page_content']/h1}]
мар 19, 2021 10:31:55 AM org.openqa.selenium.remote.RemoteWebDriver log
INFO: Executed: [e3850440a3b6be022bc199216e2cbc71, findElement {using=xpath, value=//*[@id='page_content']/h1}]
мар 19, 2021 10:31:55 AM org.openqa.selenium.remote.RemoteWebDriver log
INFO: Executing: getElementText [e3850440a3b6be022bc199216e2cbc71, getElementText {id=1b0cfd56-dcc5-4d9e-8cc6-f18c689a3cd3}]
мар 19, 2021 10:31:55 AM org.openqa.selenium.remote.RemoteWebDriver log
INFO: Executed: [e3850440a3b6be022bc199216e2cbc71, getElementText {id=1b0cfd56-dcc5-4d9e-8cc6-f18c689a3cd3}]
мар 19, 2021 10:31:55 AM org.openqa.selenium.remote.RemoteWebDriver log
INFO: Executing: getElementText [e3850440a3b6be022bc199216e2cbc71, getElementText {id=1b0cfd56-dcc5-4d9e-8cc6-f18c689a3cd3}]
мар 19, 2021 10:31:55 AM org.openqa.selenium.remote.RemoteWebDriver log
INFO: Executed: [e3850440a3b6be022bc199216e2cbc71, getElementText {id=1b0cfd56-dcc5-4d9e-8cc6-f18c689a3cd3}]
мар 19, 2021 10:31:55 AM org.openqa.selenium.remote.RemoteWebDriver log
INFO: Executing: getLog [e3850440a3b6be022bc199216e2cbc71, getLog {type=browser}]
мар 19, 2021 10:31:55 AM org.openqa.selenium.remote.RemoteWebDriver log
INFO: Executed: [e3850440a3b6be022bc199216e2cbc71, getLog {type=browser}]
мар 19, 2021 10:31:55 AM org.openqa.selenium.remote.RemoteWebDriver log
INFO: Executing: quit [e3850440a3b6be022bc199216e2cbc71, quit {}]
мар 19, 2021 10:31:57 AM org.openqa.selenium.remote.RemoteWebDriver log
INFO: Executed: [e3850440a3b6be022bc199216e2cbc71, quit {}]
]]></system-err>
  </testcase>
</testsuite>