<?xml version="1.0" encoding="UTF-8"?>
<testsuite xmlns:xsi="http://www.w3.org/2001/XMLSchema-instance" xsi:noNamespaceSchemaLocation="https://maven.apache.org/surefire/maven-surefire-plugin/xsd/surefire-test-report-3.0.xsd" version="3.0" name="ru.geekbrains.qa.TriangleTests" time="0.595" tests="5" errors="0" skipped="1" failures="0">
  <properties>
[...]
</properties>
  <testcase name="testArea" classname="ru.geekbrains.qa.TriangleTests" time="0.063">
    <system-out><![CDATA[16:06:03,141 |-INFO in ch.qos.logback.classic.LoggerContext[default] - Could NOT find resource [logback-test.xml]
16:06:03,141 |-INFO in ch.qos.logback.classic.LoggerContext[default] - Could NOT find resource [logback.groovy]
16:06:03,141 |-INFO in ch.qos.logback.classic.LoggerContext[default] - Found resource [logback.xml] at [file:/G:/%D0%94%D0%B0%D0%BD%D0%BD%D1%8B%D0%B5%20%D1%81%20%D0%B4%D0%B8%D1%81%D0%BA%D0%B0%20%D0%A1/%D0%A0%D0%B0%D0%B1%D0%BE%D1%87%D0%B8%D0%B9%20%D1%81%D1%82%D0%BE%D0%BB%20%D1%81%20%D0%9D%D0%A0/GEEKBRAINS/%D0%90%D0%B2%D1%82%D0%BE%D0%BC%D0%B0%D1%82%D0%B8%D0%B7%D0%B0%D1%86%D0%B8%D1%8F%20%D1%82%D0%B5%D1%81%D1%82%D0%B8%D1%80%D0%BE%D0%B2%D0%B0%D0%BD%D0%B8%D1%8F%20Web%20UI/AT-%20HW_Glazov/AT-HW4/AT-HW4_Glazov/target/test-classes/logback.xml]
16:06:03,246 |-INFO in ch.qos.logback.classic.joran.action.ConfigurationAction - debug attribute not set
16:06:03,247 |-INFO in ch.qos.logback.core.joran.action.AppenderAction - About to instantiate appender of type [ch.qos.logback.core.ConsoleAppender]
16:06:03,262 |-INFO in ch.qos.logback.core.joran.action.AppenderAction - Naming appender as [CONSOLE]
16:06:03,325 |-WARN in ch.qos.logback.core.ConsoleAppender[CONSOLE] - This appender no longer admits a layout as a sub-component, set an encoder instead.
16:06:03,325 |-WARN in ch.qos.logback.core.ConsoleAppender[CONSOLE] - To ensure compatibility, wrapping your layout in LayoutWrappingEncoder.
16:06:03,325 |-WARN in ch.qos.logback.core.ConsoleAppender[CONSOLE] - See also http://logback.qos.ch/codes.html#layoutInsteadOfEncoder for details
16:06:03,326 |-INFO in ch.qos.logback.classic.joran.action.RootLoggerAction - Setting level of ROOT logger to INFO
16:06:03,326 |-INFO in ch.qos.logback.core.joran.action.AppenderRefAction - Attaching appender named [CONSOLE] to Logger[ROOT]
16:06:03,327 |-INFO in ch.qos.logback.classic.joran.action.ConfigurationAction - End of configuration.
16:06:03,328 |-INFO in ch.qos.logback.classic.joran.JoranConfigurator@4ddced80 - Registering current configuration as safe fallback point

16:06:03.336 [main]  INFO  ru.geekbrains.qa.TriangleTests - 	BEFORE ALL TESTS =>
16:06:03.382 [main]  INFO  ru.geekbrains.qa.TriangleTests - 		BEFORE CURRENT TEST
16:06:03.386 [main]  INFO  ru.geekbrains.qa.TriangleTests - 			START THIS TEST
16:06:03.396 [main]  INFO  ru.geekbrains.qa.TriangleTests - 			END THIS TEST
16:06:03.401 [main]  INFO  ru.geekbrains.qa.TriangleTests - 		AFTER CURRENT TEST
]]></system-out>
  </testcase>
  <testcase name="testHp" classname="ru.geekbrains.qa.TriangleTests" time="0.004">
    <system-out><![CDATA[16:06:03.419 [main]  INFO  ru.geekbrains.qa.TriangleTests - 		BEFORE CURRENT TEST
16:06:03.419 [main]  INFO  ru.geekbrains.qa.TriangleTests - 			START THIS TEST
16:06:03.419 [main]  INFO  ru.geekbrains.qa.TriangleTests - 			END THIS TEST
16:06:03.420 [main]  INFO  ru.geekbrains.qa.TriangleTests - 		AFTER CURRENT TEST
]]></system-out>
  </testcase>
  <testcase name="paramAreaTest(double, double, double)[1]" classname="ru.geekbrains.qa.TriangleTests" time="0.044">
    <system-out><![CDATA[16:06:03.508 [main]  INFO  ru.geekbrains.qa.TriangleTests - 		BEFORE CURRENT TEST
16:06:03.547 [main]  INFO  ru.geekbrains.qa.TriangleTests - 			START THIS TEST
act_result: 6.0
exp_result: 6.0
16:06:03.548 [main]  INFO  ru.geekbrains.qa.TriangleTests - 			END THIS TEST
16:06:03.549 [main]  INFO  ru.geekbrains.qa.TriangleTests - 		AFTER CURRENT TEST
]]></system-out>
  </testcase>
  <testcase name="paramAreaTest(double, double, double)[2]" classname="ru.geekbrains.qa.TriangleTests" time="0.004">
    <system-out><![CDATA[16:06:03.561 [main]  INFO  ru.geekbrains.qa.TriangleTests - 		BEFORE CURRENT TEST
16:06:03.562 [main]  INFO  ru.geekbrains.qa.TriangleTests - 			START THIS TEST
act_result: 2.9047375096555625
exp_result: 2.9047375096555625
16:06:03.562 [main]  INFO  ru.geekbrains.qa.TriangleTests - 			END THIS TEST
16:06:03.562 [main]  INFO  ru.geekbrains.qa.TriangleTests - 		AFTER CURRENT TEST
]]></system-out>
  </testcase>
  <testcase name="paramAreaTest(double, double, double)[3]" classname="ru.geekbrains.qa.TriangleTests" time="0">
    <skipped type="org.opentest4j.TestAbortedException"><![CDATA[org.opentest4j.TestAbortedException: Assumption failed: Тест пропускаем, т.к. исходные данные некорректные.
	at ru.geekbrains.qa.TriangleTests.paramAreaTest(TriangleTests.java:88)
]]></skipped>
    <system-out><![CDATA[16:06:03.580 [main]  INFO  ru.geekbrains.qa.TriangleTests - 		BEFORE CURRENT TEST
16:06:03.586 [main]  INFO  ru.geekbrains.qa.TriangleTests - 			START THIS TEST
16:06:03.590 [main]  INFO  ru.geekbrains.qa.TriangleTests - 		AFTER CURRENT TEST
]]></system-out>
  </testcase>
</testsuite>