<?xml version="1.0" encoding="UTF-8"?>
<testsuite xmlns:xsi="http://www.w3.org/2001/XMLSchema-instance" xsi:noNamespaceSchemaLocation="https://maven.apache.org/surefire/maven-surefire-plugin/xsd/surefire-test-report-3.0.xsd" version="3.0" name="ru.geekbrains.qa.ExamplesOfTests" time="0.488" tests="2" errors="0" skipped="0" failures="0">
  <properties>
[...]
</properties>
  <testcase name="testArea" classname="ru.geekbrains.qa.ExamplesOfTests" time="0.059">
    <system-out><![CDATA[12:55:28,424 |-INFO in ch.qos.logback.classic.LoggerContext[default] - Could NOT find resource [logback-test.xml]
12:55:28,425 |-INFO in ch.qos.logback.classic.LoggerContext[default] - Could NOT find resource [logback.groovy]
12:55:28,425 |-INFO in ch.qos.logback.classic.LoggerContext[default] - Found resource [logback.xml] at [file:/G:/%D0%94%D0%B0%D0%BD%D0%BD%D1%8B%D0%B5%20%D1%81%20%D0%B4%D0%B8%D1%81%D0%BA%D0%B0%20%D0%A1/%D0%A0%D0%B0%D0%B1%D0%BE%D1%87%D0%B8%D0%B9%20%D1%81%D1%82%D0%BE%D0%BB%20%D1%81%20%D0%9D%D0%A0/GEEKBRAINS/%D0%90%D0%B2%D1%82%D0%BE%D0%BC%D0%B0%D1%82%D0%B8%D0%B7%D0%B0%D1%86%D0%B8%D1%8F%20%D1%82%D0%B5%D1%81%D1%82%D0%B8%D1%80%D0%BE%D0%B2%D0%B0%D0%BD%D0%B8%D1%8F%20Web%20UI/AT-%20HW_Glazov/AT-HW4/AT-HW4_Glazov/target/test-classes/logback.xml]
12:55:28,560 |-INFO in ch.qos.logback.classic.joran.action.ConfigurationAction - debug attribute not set
12:55:28,561 |-INFO in ch.qos.logback.core.joran.action.AppenderAction - About to instantiate appender of type [ch.qos.logback.core.ConsoleAppender]
12:55:28,580 |-INFO in ch.qos.logback.core.joran.action.AppenderAction - Naming appender as [CONSOLE]
12:55:28,647 |-WARN in ch.qos.logback.core.ConsoleAppender[CONSOLE] - This appender no longer admits a layout as a sub-component, set an encoder instead.
12:55:28,647 |-WARN in ch.qos.logback.core.ConsoleAppender[CONSOLE] - To ensure compatibility, wrapping your layout in LayoutWrappingEncoder.
12:55:28,647 |-WARN in ch.qos.logback.core.ConsoleAppender[CONSOLE] - See also http://logback.qos.ch/codes.html#layoutInsteadOfEncoder for details
12:55:28,648 |-INFO in ch.qos.logback.classic.joran.action.RootLoggerAction - Setting level of ROOT logger to INFO
12:55:28,648 |-INFO in ch.qos.logback.core.joran.action.AppenderRefAction - Attaching appender named [CONSOLE] to Logger[ROOT]
12:55:28,649 |-INFO in ch.qos.logback.classic.joran.action.ConfigurationAction - End of configuration.
12:55:28,651 |-INFO in ch.qos.logback.classic.joran.JoranConfigurator@12e61fe6 - Registering current configuration as safe fallback point

12:55:28.659 [main]  INFO  ru.geekbrains.qa.ExamplesOfTests - 	BEFORE ALL TESTS =>
12:55:28.704 [main]  INFO  ru.geekbrains.qa.ExamplesOfTests - 		BEFORE CURRENT TEST
12:55:28.708 [main]  INFO  ru.geekbrains.qa.ExamplesOfTests - 			START WORK THIS TEST
12:55:28.717 [main]  INFO  ru.geekbrains.qa.ExamplesOfTests - 			END WORK THIS TEST
12:55:28.722 [main]  INFO  ru.geekbrains.qa.ExamplesOfTests - 		AFTER CURRENT TEST
]]></system-out>
  </testcase>
  <testcase name="testHp" classname="ru.geekbrains.qa.ExamplesOfTests" time="0.003">
    <system-out><![CDATA[12:55:28.738 [main]  INFO  ru.geekbrains.qa.ExamplesOfTests - 		BEFORE CURRENT TEST
12:55:28.739 [main]  INFO  ru.geekbrains.qa.ExamplesOfTests - 			START WORK THIS TEST
12:55:28.739 [main]  INFO  ru.geekbrains.qa.ExamplesOfTests - 			END WORK THIS TEST
12:55:28.739 [main]  INFO  ru.geekbrains.qa.ExamplesOfTests - 		AFTER CURRENT TEST
]]></system-out>
  </testcase>
</testsuite>